build/app/intermediates/manifest_merge_blame_file/debug/manifest-merger-blame-debug-report.txt
1<?xml version="1.0" encoding="utf-8"?>
2<manifest xmlns:android="http://schemas.android.com/apk/res/android"
3    package="com.example.train_service"
4    android:versionCode="1"
5    android:versionName="1.0.0" >
6
7    <uses-sdk
8        android:minSdkVersion="18"
9        android:targetSdkVersion="29" />
10    <!--
11         Flutter needs it to communicate with the running application
12         to allow setting breakpoints, to provide hot reload, etc.
13    -->
14    <uses-permission android:name="android.permission.INTERNET" />
14-->src\main\AndroidManifest.xml:10:5-66
14-->src\main\AndroidManifest.xml:10:22-64
15    <!--
16     io.flutter.app.FlutterApplication is an android.app.Application that
17         calls FlutterMain.startInitialization(this); in its onCreate method.
18         In most cases you can leave this as-is, but you if you want to provide
19         additional functionality it is fine to subclass or reimplement
20         FlutterApplication and put your custom class here.
21    -->
22    <uses-permission android:name="android.permission.WAKE_LOCK" />
22-->src\main\AndroidManifest.xml:8:5-67
22-->src\main\AndroidManifest.xml:8:22-65
23    <uses-permission android:name="android.permission.RECORD_AUDIO" />
23-->src\main\AndroidManifest.xml:9:5-70
23-->src\main\AndroidManifest.xml:9:22-68
24    <uses-permission android:name="android.permission.RECEIVE_BOOT_COMPLETED" />
24-->src\main\AndroidManifest.xml:11:5-80
24-->src\main\AndroidManifest.xml:11:22-78
25    <uses-permission android:name="android.permission.MODIFY_AUDIO_SETTINGS" />
25-->src\main\AndroidManifest.xml:12:5-80
25-->src\main\AndroidManifest.xml:12:22-77
26    <uses-permission android:name="android.permission.VIBRATE" />
26-->src\main\AndroidManifest.xml:13:5-66
26-->src\main\AndroidManifest.xml:13:22-63
27    <uses-permission android:name="android.permission.ACCESS_COARSE_LOCATION" />
27-->src\main\AndroidManifest.xml:14:5-80
27-->src\main\AndroidManifest.xml:14:22-78
28    <uses-permission android:name="android.permission.ACCESS_FINE_LOCATION" />
28-->src\main\AndroidManifest.xml:15:5-78
28-->src\main\AndroidManifest.xml:15:22-76
29    <uses-permission android:name="android.permission.WRITE_EXTERNAL_STORAGE" />
29-->src\main\AndroidManifest.xml:16:5-80
29-->src\main\AndroidManifest.xml:16:22-78
30    <uses-permission android:name="android.permission.READ_EXTERNAL_STORAGE" />
30-->src\main\AndroidManifest.xml:17:5-79
30-->src\main\AndroidManifest.xml:17:22-77
31    <uses-permission android:name="android.permission.CAMERA" />
31-->[:multi_media_picker] AndroidManifest.xml:8:5-65
31-->[:multi_media_picker] AndroidManifest.xml:8:22-62
32    <uses-permission android:name="android.permission.ACCESS_NETWORK_STATE" />
32-->[:connectivity] AndroidManifest.xml:7:5-79
32-->[:connectivity] AndroidManifest.xml:7:22-76
33    <uses-permission android:name="android.permission.ACCESS_WIFI_STATE" />
33-->[:connectivity] AndroidManifest.xml:8:5-76
33-->[:connectivity] AndroidManifest.xml:8:22-73
34
35    <uses-feature
35-->[com.google.android.gms:play-services-maps:17.0.0] AndroidManifest.xml:26:5-28:35
36        android:glEsVersion="0x00020000"
36-->[com.google.android.gms:play-services-maps:17.0.0] AndroidManifest.xml:27:9-41
37        android:required="true" />
37-->[com.google.android.gms:play-services-maps:17.0.0] AndroidManifest.xml:28:9-32
38
39    <uses-permission android:name="com.google.android.finsky.permission.BIND_GET_INSTALL_REFERRER_SERVICE" />
39-->[com.google.android.gms:play-services-measurement:18.0.0] AndroidManifest.xml:26:5-110
39-->[com.google.android.gms:play-services-measurement:18.0.0] AndroidManifest.xml:26:22-107
40    <uses-permission android:name="android.permission.FOREGROUND_SERVICE" />
40-->[androidx.work:work-runtime:2.3.4] AndroidManifest.xml:28:5-77
40-->[androidx.work:work-runtime:2.3.4] AndroidManifest.xml:28:22-74
41
42    <application
42-->src\main\AndroidManifest.xml:19:5-75:19
43        android:name="io.flutter.app.FlutterApplication"
43-->src\main\AndroidManifest.xml:21:9-57
44        android:appComponentFactory="androidx.core.app.CoreComponentFactory"
44-->[androidx.core:core:1.3.0] AndroidManifest.xml:24:18-86
45        android:debuggable="true"
46        android:icon="@mipmap/ic_launcher"
46-->src\main\AndroidManifest.xml:23:9-43
47        android:label="Service Manager"
47-->src\main\AndroidManifest.xml:22:9-40
48        android:requestLegacyExternalStorage="true" >
48-->src\main\AndroidManifest.xml:20:5-48
49        <meta-data
49-->src\main\AndroidManifest.xml:26:9-27:73
50            android:name="com.google.android.geo.API_KEY"
50-->src\main\AndroidManifest.xml:26:20-65
51            android:value="AIzaSyD5f3HUCmkRz9geGiHjh8f3JVN73ZdxkSo" />
51-->src\main\AndroidManifest.xml:27:16-71
52
53        <activity
53-->src\main\AndroidManifest.xml:28:9-61:20
54            android:name="com.example.train_service.MainActivity"
54-->src\main\AndroidManifest.xml:29:13-41
55            android:configChanges="orientation|keyboardHidden|keyboard|screenSize|smallestScreenSize|locale|layoutDirection|fontScale|screenLayout|density|uiMode"
55-->src\main\AndroidManifest.xml:32:13-163
56            android:hardwareAccelerated="true"
56-->src\main\AndroidManifest.xml:33:13-47
57            android:launchMode="singleTop"
57-->src\main\AndroidManifest.xml:30:13-43
58            android:theme="@style/LaunchTheme"
58-->src\main\AndroidManifest.xml:31:13-47
59            android:windowSoftInputMode="adjustResize" >
59-->src\main\AndroidManifest.xml:34:13-55
60
61            <!--
62                 Specifies an Android theme to apply to this Activity as soon as
63                 the Android process has started. This theme is visible to the user
64                 while the Flutter UI initializes. After that, this theme continues
65                 to determine the Window background behind the Flutter UI.
66            -->
67            <meta-data
67-->src\main\AndroidManifest.xml:39:13-42:17
68                android:name="io.flutter.embedding.android.NormalTheme"
68-->src\main\AndroidManifest.xml:40:15-70
69                android:resource="@style/NormalTheme" />
69-->src\main\AndroidManifest.xml:41:15-52
70            <!--
71                 Displays an Android View that continues showing the launch screen
72                 Drawable until Flutter paints its first frame, then this splash
73                 screen fades out. A splash screen is useful to avoid any visual
74                 gap between the end of Android's launch screen and the painting of
75                 Flutter's first frame.
76            -->
77            <meta-data
77-->src\main\AndroidManifest.xml:48:13-51:17
78                android:name="io.flutter.embedding.android.SplashScreenDrawable"
78-->src\main\AndroidManifest.xml:49:15-79
79                android:resource="@drawable/launch_background" />
79-->src\main\AndroidManifest.xml:50:15-61
80
81            <intent-filter>
81-->src\main\AndroidManifest.xml:52:13-55:29
82                <action android:name="android.intent.action.MAIN" />
82-->src\main\AndroidManifest.xml:53:17-68
82-->src\main\AndroidManifest.xml:53:25-66
83
84                <category android:name="android.intent.category.LAUNCHER" />
84-->src\main\AndroidManifest.xml:54:17-76
84-->src\main\AndroidManifest.xml:54:27-74
85            </intent-filter>
86            <intent-filter>
86-->src\main\AndroidManifest.xml:56:13-60:29
87                <action android:name="FLUTTER_NOTIFICATION_CLICK" />
87-->src\main\AndroidManifest.xml:57:17-68
87-->src\main\AndroidManifest.xml:57:25-66
88
89                <category android:name="android.intent.category.DEFAULT" />
89-->src\main\AndroidManifest.xml:58:17-75
89-->src\main\AndroidManifest.xml:58:27-73
90            </intent-filter>
91        </activity>
92
93        <receiver android:name="com.dexterous.flutterlocalnotifications.ScheduledNotificationReceiver" />
93-->src\main\AndroidManifest.xml:62:17-113
93-->src\main\AndroidManifest.xml:62:27-111
94        <receiver android:name="com.dexterous.flutterlocalnotifications.ScheduledNotificationBootReceiver" >
94-->src\main\AndroidManifest.xml:64:9-69:20
94-->src\main\AndroidManifest.xml:64:19-107
95            <intent-filter>
95-->src\main\AndroidManifest.xml:65:13-68:29
96                <action android:name="android.intent.action.BOOT_COMPLETED" />
96-->src\main\AndroidManifest.xml:66:17-78
96-->src\main\AndroidManifest.xml:66:25-76
97                <action android:name="android.intent.action.MY_PACKAGE_REPLACED" />
97-->src\main\AndroidManifest.xml:67:17-83
97-->src\main\AndroidManifest.xml:67:25-81
98            </intent-filter>
99        </receiver>
100        <!--
101             Don't delete the meta-data below.
102             This is used by the Flutter tool to generate GeneratedPluginRegistrant.java
103        -->
104        <meta-data
104-->src\main\AndroidManifest.xml:72:9-74:33
105            android:name="flutterEmbedding"
105-->src\main\AndroidManifest.xml:73:13-44
106            android:value="2" />
106-->src\main\AndroidManifest.xml:74:13-30
107
108        <provider
108-->[:multi_media_picker] AndroidManifest.xml:11:9-19:20
109            android:name="com.javih.multimediapicker.MultiMediaFileProvider"
109-->[:multi_media_picker] AndroidManifest.xml:12:13-77
110            android:authorities="com.example.train_service.flutter.image_provider"
110-->[:multi_media_picker] AndroidManifest.xml:13:13-74
111            android:exported="false"
111-->[:multi_media_picker] AndroidManifest.xml:14:13-37
112            android:grantUriPermissions="true" >
112-->[:multi_media_picker] AndroidManifest.xml:15:13-47
113            <meta-data
113-->[:multi_media_picker] AndroidManifest.xml:16:13-18:75
114                android:name="android.support.FILE_PROVIDER_PATHS"
114-->[:multi_media_picker] AndroidManifest.xml:17:17-67
115                android:resource="@xml/flutter_image_picker_file_paths" />
115-->[:multi_media_picker] AndroidManifest.xml:18:17-72
116        </provider>
117
118        <activity
118-->[:url_launcher] AndroidManifest.xml:8:9-11:74
119            android:name="io.flutter.plugins.urllauncher.WebViewActivity"
119-->[:url_launcher] AndroidManifest.xml:9:13-74
120            android:exported="false"
120-->[:url_launcher] AndroidManifest.xml:10:13-37
121            android:theme="@android:style/Theme.NoTitleBar.Fullscreen" />
121-->[:url_launcher] AndroidManifest.xml:11:13-71
122
123        <service
123-->[:cloud_firestore] AndroidManifest.xml:8:9-12:19
124            android:name="com.google.firebase.components.ComponentDiscoveryService"
124-->[:cloud_firestore] AndroidManifest.xml:8:18-89
125            android:directBootAware="true"
125-->[com.google.firebase:firebase-common:19.3.1] AndroidManifest.xml:35:13-43
126            android:exported="false" >
126-->[com.google.firebase:firebase-auth:20.0.0] AndroidManifest.xml:84:13-37
127            <meta-data
127-->[:cloud_firestore] AndroidManifest.xml:9:13-11:85
128                android:name="com.google.firebase.components:io.flutter.plugins.firebase.firestore.FlutterFirebaseFirestoreRegistrar"
128-->[:cloud_firestore] AndroidManifest.xml:10:17-134
129                android:value="com.google.firebase.components.ComponentRegistrar" />
129-->[:cloud_firestore] AndroidManifest.xml:11:17-82
130            <meta-data
130-->[:firebase_auth] AndroidManifest.xml:9:13-11:85
131                android:name="com.google.firebase.components:io.flutter.plugins.firebase.auth.FlutterFirebaseAuthRegistrar"
131-->[:firebase_auth] AndroidManifest.xml:10:17-124
132                android:value="com.google.firebase.components.ComponentRegistrar" />
132-->[:firebase_auth] AndroidManifest.xml:11:17-82
133            <meta-data
133-->[:firebase_core] AndroidManifest.xml:9:13-11:85
134                android:name="com.google.firebase.components:io.flutter.plugins.firebase.core.FlutterFirebaseCoreRegistrar"
134-->[:firebase_core] AndroidManifest.xml:10:17-124
135                android:value="com.google.firebase.components.ComponentRegistrar" />
135-->[:firebase_core] AndroidManifest.xml:11:17-82
136            <meta-data
136-->[com.google.firebase:firebase-auth:20.0.0] AndroidManifest.xml:85:13-87:85
137                android:name="com.google.firebase.components:com.google.firebase.auth.FirebaseAuthRegistrar"
137-->[com.google.firebase:firebase-auth:20.0.0] AndroidManifest.xml:86:17-109
138                android:value="com.google.firebase.components.ComponentRegistrar" />
138-->[com.google.firebase:firebase-auth:20.0.0] AndroidManifest.xml:87:17-82
139            <meta-data
139-->[com.google.firebase:firebase-firestore:22.0.0] AndroidManifest.xml:20:13-22:85
140                android:name="com.google.firebase.components:com.google.firebase.firestore.FirestoreRegistrar"
140-->[com.google.firebase:firebase-firestore:22.0.0] AndroidManifest.xml:21:17-111
141                android:value="com.google.firebase.components.ComponentRegistrar" />
141-->[com.google.firebase:firebase-firestore:22.0.0] AndroidManifest.xml:22:17-82
142            <meta-data
142-->[com.google.android.gms:play-services-measurement-api:18.0.0] AndroidManifest.xml:30:13-32:85
143                android:name="com.google.firebase.components:com.google.firebase.analytics.connector.internal.AnalyticsConnectorRegistrar"
143-->[com.google.android.gms:play-services-measurement-api:18.0.0] AndroidManifest.xml:31:17-139
144                android:value="com.google.firebase.components.ComponentRegistrar" />
144-->[com.google.android.gms:play-services-measurement-api:18.0.0] AndroidManifest.xml:32:17-82
145            <meta-data
145-->[com.google.firebase:firebase-installations:16.3.3] AndroidManifest.xml:17:13-19:85
146                android:name="com.google.firebase.components:com.google.firebase.installations.FirebaseInstallationsRegistrar"
146-->[com.google.firebase:firebase-installations:16.3.3] AndroidManifest.xml:18:17-127
147                android:value="com.google.firebase.components.ComponentRegistrar" />
147-->[com.google.firebase:firebase-installations:16.3.3] AndroidManifest.xml:19:17-82
148        </service> <!-- Needs to be explicitly declared on P+ -->
149        <uses-library
149-->[com.google.android.gms:play-services-maps:17.0.0] AndroidManifest.xml:33:9-35:40
150            android:name="org.apache.http.legacy"
150-->[com.google.android.gms:play-services-maps:17.0.0] AndroidManifest.xml:34:13-50
151            android:required="false" />
151-->[com.google.android.gms:play-services-maps:17.0.0] AndroidManifest.xml:35:13-37
152
153        <activity
153-->[com.google.firebase:firebase-auth:20.0.0] AndroidManifest.xml:27:9-34:50
154            android:name="com.google.firebase.auth.internal.FederatedSignInActivity"
154-->[com.google.firebase:firebase-auth:20.0.0] AndroidManifest.xml:28:13-85
155            android:excludeFromRecents="true"
155-->[com.google.firebase:firebase-auth:20.0.0] AndroidManifest.xml:29:13-46
156            android:exported="true"
156-->[com.google.firebase:firebase-auth:20.0.0] AndroidManifest.xml:30:13-36
157            android:launchMode="singleTask"
157-->[com.google.firebase:firebase-auth:20.0.0] AndroidManifest.xml:31:13-44
158            android:permission="com.google.firebase.auth.api.gms.permission.LAUNCH_FEDERATED_SIGN_IN"
158-->[com.google.firebase:firebase-auth:20.0.0] AndroidManifest.xml:32:13-102
159            android:theme="@android:style/Theme.Translucent.NoTitleBar" />
159-->[com.google.firebase:firebase-auth:20.0.0] AndroidManifest.xml:33:13-72
160        <activity
160-->[com.google.firebase:firebase-auth:20.0.0] AndroidManifest.xml:35:9-52:20
161            android:name="com.google.firebase.auth.internal.GenericIdpActivity"
161-->[com.google.firebase:firebase-auth:20.0.0] AndroidManifest.xml:36:13-80
162            android:excludeFromRecents="true"
162-->[com.google.firebase:firebase-auth:20.0.0] AndroidManifest.xml:37:13-46
163            android:exported="true"
163-->[com.google.firebase:firebase-auth:20.0.0] AndroidManifest.xml:38:13-36
164            android:launchMode="singleTask"
164-->[com.google.firebase:firebase-auth:20.0.0] AndroidManifest.xml:39:13-44
165            android:theme="@android:style/Theme.Translucent.NoTitleBar" >
165-->[com.google.firebase:firebase-auth:20.0.0] AndroidManifest.xml:40:13-72
166            <intent-filter>
166-->[com.google.firebase:firebase-auth:20.0.0] AndroidManifest.xml:41:13-51:29
167                <action android:name="android.intent.action.VIEW" />
167-->[com.google.firebase:firebase-auth:20.0.0] AndroidManifest.xml:42:17-69
167-->[com.google.firebase:firebase-auth:20.0.0] AndroidManifest.xml:42:25-66
168
169                <category android:name="android.intent.category.DEFAULT" />
169-->src\main\AndroidManifest.xml:58:17-75
169-->src\main\AndroidManifest.xml:58:27-73
170                <category android:name="android.intent.category.BROWSABLE" />
170-->[com.google.firebase:firebase-auth:20.0.0] AndroidManifest.xml:45:17-78
170-->[com.google.firebase:firebase-auth:20.0.0] AndroidManifest.xml:45:27-75
171
172                <data
172-->[com.google.firebase:firebase-auth:20.0.0] AndroidManifest.xml:47:17-50:51
173                    android:host="firebase.auth"
173-->[com.google.firebase:firebase-auth:20.0.0] AndroidManifest.xml:48:21-49
174                    android:path="/"
174-->[com.google.firebase:firebase-auth:20.0.0] AndroidManifest.xml:49:21-37
175                    android:scheme="genericidp" />
175-->[com.google.firebase:firebase-auth:20.0.0] AndroidManifest.xml:50:21-48
176            </intent-filter>
177        </activity>
178        <activity
178-->[com.google.firebase:firebase-auth:20.0.0] AndroidManifest.xml:53:9-70:20
179            android:name="com.google.firebase.auth.internal.RecaptchaActivity"
179-->[com.google.firebase:firebase-auth:20.0.0] AndroidManifest.xml:54:13-79
180            android:excludeFromRecents="true"
180-->[com.google.firebase:firebase-auth:20.0.0] AndroidManifest.xml:55:13-46
181            android:exported="true"
181-->[com.google.firebase:firebase-auth:20.0.0] AndroidManifest.xml:56:13-36
182            android:launchMode="singleTask"
182-->[com.google.firebase:firebase-auth:20.0.0] AndroidManifest.xml:57:13-44
183            android:theme="@android:style/Theme.Translucent.NoTitleBar" >
183-->[com.google.firebase:firebase-auth:20.0.0] AndroidManifest.xml:58:13-72
184            <intent-filter>
184-->[com.google.firebase:firebase-auth:20.0.0] AndroidManifest.xml:59:13-69:29
185                <action android:name="android.intent.action.VIEW" />
185-->[com.google.firebase:firebase-auth:20.0.0] AndroidManifest.xml:42:17-69
185-->[com.google.firebase:firebase-auth:20.0.0] AndroidManifest.xml:42:25-66
186
187                <category android:name="android.intent.category.DEFAULT" />
187-->src\main\AndroidManifest.xml:58:17-75
187-->src\main\AndroidManifest.xml:58:27-73
188                <category android:name="android.intent.category.BROWSABLE" />
188-->[com.google.firebase:firebase-auth:20.0.0] AndroidManifest.xml:45:17-78
188-->[com.google.firebase:firebase-auth:20.0.0] AndroidManifest.xml:45:27-75
189
190                <data
190-->[com.google.firebase:firebase-auth:20.0.0] AndroidManifest.xml:47:17-50:51
191                    android:host="firebase.auth"
191-->[com.google.firebase:firebase-auth:20.0.0] AndroidManifest.xml:48:21-49
192                    android:path="/"
192-->[com.google.firebase:firebase-auth:20.0.0] AndroidManifest.xml:49:21-37
193                    android:scheme="recaptcha" />
193-->[com.google.firebase:firebase-auth:20.0.0] AndroidManifest.xml:50:21-48
194            </intent-filter>
195        </activity>
196
197        <service
197-->[com.google.firebase:firebase-auth:20.0.0] AndroidManifest.xml:72:9-81:19
198            android:name="com.google.firebase.auth.api.fallback.service.FirebaseAuthFallbackService"
198-->[com.google.firebase:firebase-auth:20.0.0] AndroidManifest.xml:73:13-101
199            android:enabled="true"
199-->[com.google.firebase:firebase-auth:20.0.0] AndroidManifest.xml:74:13-35
200            android:exported="false" >
200-->[com.google.firebase:firebase-auth:20.0.0] AndroidManifest.xml:75:13-37
201            <intent-filter>
201-->[com.google.firebase:firebase-auth:20.0.0] AndroidManifest.xml:76:13-80:29
202                <action android:name="com.google.firebase.auth.api.gms.service.START" />
202-->[com.google.firebase:firebase-auth:20.0.0] AndroidManifest.xml:77:17-89
202-->[com.google.firebase:firebase-auth:20.0.0] AndroidManifest.xml:77:25-86
203
204                <category android:name="android.intent.category.DEFAULT" />
204-->src\main\AndroidManifest.xml:58:17-75
204-->src\main\AndroidManifest.xml:58:27-73
205            </intent-filter>
206        </service>
207
208        <activity
208-->[com.google.android.gms:play-services-base:17.1.0] AndroidManifest.xml:23:9-26:75
209            android:name="com.google.android.gms.common.api.GoogleApiActivity"
209-->[com.google.android.gms:play-services-base:17.1.0] AndroidManifest.xml:24:13-79
210            android:exported="false"
210-->[com.google.android.gms:play-services-base:17.1.0] AndroidManifest.xml:25:13-37
211            android:theme="@android:style/Theme.Translucent.NoTitleBar" />
211-->[com.google.android.gms:play-services-base:17.1.0] AndroidManifest.xml:26:13-72
212
213        <receiver
213-->[com.google.android.gms:play-services-measurement:18.0.0] AndroidManifest.xml:29:9-33:20
214            android:name="com.google.android.gms.measurement.AppMeasurementReceiver"
214-->[com.google.android.gms:play-services-measurement:18.0.0] AndroidManifest.xml:30:13-85
215            android:enabled="true"
215-->[com.google.android.gms:play-services-measurement:18.0.0] AndroidManifest.xml:31:13-35
216            android:exported="false" >
216-->[com.google.android.gms:play-services-measurement:18.0.0] AndroidManifest.xml:32:13-37
217        </receiver>
218
219        <service
219-->[com.google.android.gms:play-services-measurement:18.0.0] AndroidManifest.xml:35:9-38:40
220            android:name="com.google.android.gms.measurement.AppMeasurementService"
220-->[com.google.android.gms:play-services-measurement:18.0.0] AndroidManifest.xml:36:13-84
221            android:enabled="true"
221-->[com.google.android.gms:play-services-measurement:18.0.0] AndroidManifest.xml:37:13-35
222            android:exported="false" />
222-->[com.google.android.gms:play-services-measurement:18.0.0] AndroidManifest.xml:38:13-37
223        <service
223-->[com.google.android.gms:play-services-measurement:18.0.0] AndroidManifest.xml:39:9-43:72
224            android:name="com.google.android.gms.measurement.AppMeasurementJobService"
224-->[com.google.android.gms:play-services-measurement:18.0.0] AndroidManifest.xml:40:13-87
225            android:enabled="true"
225-->[com.google.android.gms:play-services-measurement:18.0.0] AndroidManifest.xml:41:13-35
226            android:exported="false"
226-->[com.google.android.gms:play-services-measurement:18.0.0] AndroidManifest.xml:42:13-37
227            android:permission="android.permission.BIND_JOB_SERVICE" />
227-->[com.google.android.gms:play-services-measurement:18.0.0] AndroidManifest.xml:43:13-69
228
229        <provider
229-->[com.google.firebase:firebase-common:19.3.1] AndroidManifest.xml:26:9-31:39
230            android:name="com.google.firebase.provider.FirebaseInitProvider"
230-->[com.google.firebase:firebase-common:19.3.1] AndroidManifest.xml:27:13-77
231            android:authorities="com.example.train_service.firebaseinitprovider"
231-->[com.google.firebase:firebase-common:19.3.1] AndroidManifest.xml:28:13-72
232            android:directBootAware="true"
232-->[com.google.firebase:firebase-common:19.3.1] AndroidManifest.xml:29:13-43
233            android:exported="false"
233-->[com.google.firebase:firebase-common:19.3.1] AndroidManifest.xml:30:13-37
234            android:initOrder="100" />
234-->[com.google.firebase:firebase-common:19.3.1] AndroidManifest.xml:31:13-36
235
236        <meta-data
236-->[com.google.android.gms:play-services-basement:17.1.0] AndroidManifest.xml:23:9-25:69
237            android:name="com.google.android.gms.version"
237-->[com.google.android.gms:play-services-basement:17.1.0] AndroidManifest.xml:24:13-58
238            android:value="@integer/google_play_services_version" />
238-->[com.google.android.gms:play-services-basement:17.1.0] AndroidManifest.xml:25:13-66
239
240        <provider
240-->[androidx.work:work-runtime:2.3.4] AndroidManifest.xml:31:9-37:35
241            android:name="androidx.work.impl.WorkManagerInitializer"
241-->[androidx.work:work-runtime:2.3.4] AndroidManifest.xml:32:13-69
242            android:authorities="com.example.train_service.workmanager-init"
242-->[androidx.work:work-runtime:2.3.4] AndroidManifest.xml:33:13-68
243            android:directBootAware="false"
243-->[androidx.work:work-runtime:2.3.4] AndroidManifest.xml:34:13-44
244            android:exported="false"
244-->[androidx.work:work-runtime:2.3.4] AndroidManifest.xml:35:13-37
245            android:multiprocess="true" />
245-->[androidx.work:work-runtime:2.3.4] AndroidManifest.xml:36:13-40
246
247        <service
247-->[androidx.work:work-runtime:2.3.4] AndroidManifest.xml:39:9-44:35
248            android:name="androidx.work.impl.background.systemalarm.SystemAlarmService"
248-->[androidx.work:work-runtime:2.3.4] AndroidManifest.xml:40:13-88
249            android:directBootAware="false"
249-->[androidx.work:work-runtime:2.3.4] AndroidManifest.xml:41:13-44
250            android:enabled="@bool/enable_system_alarm_service_default"
250-->[androidx.work:work-runtime:2.3.4] AndroidManifest.xml:42:13-72
251            android:exported="false" />
251-->[androidx.work:work-runtime:2.3.4] AndroidManifest.xml:43:13-37
252        <service
252-->[androidx.work:work-runtime:2.3.4] AndroidManifest.xml:45:9-51:35
253            android:name="androidx.work.impl.background.systemjob.SystemJobService"
253-->[androidx.work:work-runtime:2.3.4] AndroidManifest.xml:46:13-84
254            android:directBootAware="false"
254-->[androidx.work:work-runtime:2.3.4] AndroidManifest.xml:47:13-44
255            android:enabled="@bool/enable_system_job_service_default"
255-->[androidx.work:work-runtime:2.3.4] AndroidManifest.xml:48:13-70
256            android:exported="true"
256-->[androidx.work:work-runtime:2.3.4] AndroidManifest.xml:49:13-36
257            android:permission="android.permission.BIND_JOB_SERVICE" />
257-->[androidx.work:work-runtime:2.3.4] AndroidManifest.xml:50:13-69
258        <service
258-->[androidx.work:work-runtime:2.3.4] AndroidManifest.xml:52:9-57:35
259            android:name="androidx.work.impl.foreground.SystemForegroundService"
259-->[androidx.work:work-runtime:2.3.4] AndroidManifest.xml:53:13-81
260            android:directBootAware="false"
260-->[androidx.work:work-runtime:2.3.4] AndroidManifest.xml:54:13-44
261            android:enabled="@bool/enable_system_foreground_service_default"
261-->[androidx.work:work-runtime:2.3.4] AndroidManifest.xml:55:13-77
262            android:exported="false" />
262-->[androidx.work:work-runtime:2.3.4] AndroidManifest.xml:56:13-37
263
264        <receiver
264-->[androidx.work:work-runtime:2.3.4] AndroidManifest.xml:59:9-64:35
265            android:name="androidx.work.impl.utils.ForceStopRunnable$BroadcastReceiver"
265-->[androidx.work:work-runtime:2.3.4] AndroidManifest.xml:60:13-88
266            android:directBootAware="false"
266-->[androidx.work:work-runtime:2.3.4] AndroidManifest.xml:61:13-44
267            android:enabled="true"
267-->[androidx.work:work-runtime:2.3.4] AndroidManifest.xml:62:13-35
268            android:exported="false" />
268-->[androidx.work:work-runtime:2.3.4] AndroidManifest.xml:63:13-37
269        <receiver
269-->[androidx.work:work-runtime:2.3.4] AndroidManifest.xml:65:9-75:20
270            android:name="androidx.work.impl.background.systemalarm.ConstraintProxy$BatteryChargingProxy"
270-->[androidx.work:work-runtime:2.3.4] AndroidManifest.xml:66:13-106
271            android:directBootAware="false"
271-->[androidx.work:work-runtime:2.3.4] AndroidManifest.xml:67:13-44
272            android:enabled="false"
272-->[androidx.work:work-runtime:2.3.4] AndroidManifest.xml:68:13-36
273            android:exported="false" >
273-->[androidx.work:work-runtime:2.3.4] AndroidManifest.xml:69:13-37
274            <intent-filter>
274-->[androidx.work:work-runtime:2.3.4] AndroidManifest.xml:71:13-74:29
275                <action android:name="android.intent.action.ACTION_POWER_CONNECTED" />
275-->[androidx.work:work-runtime:2.3.4] AndroidManifest.xml:72:17-87
275-->[androidx.work:work-runtime:2.3.4] AndroidManifest.xml:72:25-84
276                <action android:name="android.intent.action.ACTION_POWER_DISCONNECTED" />
276-->[androidx.work:work-runtime:2.3.4] AndroidManifest.xml:73:17-90
276-->[androidx.work:work-runtime:2.3.4] AndroidManifest.xml:73:25-87
277            </intent-filter>
278        </receiver>
279        <receiver
279-->[androidx.work:work-runtime:2.3.4] AndroidManifest.xml:76:9-86:20
280            android:name="androidx.work.impl.background.systemalarm.ConstraintProxy$BatteryNotLowProxy"
280-->[androidx.work:work-runtime:2.3.4] AndroidManifest.xml:77:13-104
281            android:directBootAware="false"
281-->[androidx.work:work-runtime:2.3.4] AndroidManifest.xml:78:13-44
282            android:enabled="false"
282-->[androidx.work:work-runtime:2.3.4] AndroidManifest.xml:79:13-36
283            android:exported="false" >
283-->[androidx.work:work-runtime:2.3.4] AndroidManifest.xml:80:13-37
284            <intent-filter>
284-->[androidx.work:work-runtime:2.3.4] AndroidManifest.xml:82:13-85:29
285                <action android:name="android.intent.action.BATTERY_OKAY" />
285-->[androidx.work:work-runtime:2.3.4] AndroidManifest.xml:83:17-77